<?xml version="1.0" encoding="UTF-8"?>
<!-- Generated by org.testng.reporters.JUnitReportReporter -->
<testsuite hostname="stanukon" name="test.TestRunner" tests="1" failures="0" timestamp="16 Jul 2020 05:23:55 GMT" time="12.462" errors="0">
  <testcase name="feature" time="12.462" classname="test.TestRunner"/>
</testsuite> <!-- test.TestRunner -->
